<?xml version="1.0" encoding="UTF-8"?>
<testng-results ignored="0" total="1" passed="1" failed="0" skipped="0">
  <reporter-output>
    <line>
      <![CDATA[Cart Amount logic is worked as expected]]>
    </line>
  </reporter-output>
  <suite started-at="2023-07-30T15:56:58 IST" name="Default suite" finished-at="2023-07-30T15:58:52 IST" duration-ms="113943">
    <groups>
    </groups>
    <test started-at="2023-07-30T15:56:58 IST" name="Default test" finished-at="2023-07-30T15:58:52 IST" duration-ms="113943">
      <class name="amazonfullauto.amazonfullauto">
        <test-method signature="amazontest()[pri:0, instance:amazonfullauto.amazonfullauto@77128536]" started-at="2023-07-30T15:56:58 IST" name="amazontest" finished-at="2023-07-30T15:58:52 IST" duration-ms="113901" status="PASS">
          <reporter-output>
            <line>
              <![CDATA[Cart Amount logic is worked as expected]]>
            </line>
          </reporter-output>
        </test-method> <!-- amazontest -->
      </class> <!-- amazonfullauto.amazonfullauto -->
    </test> <!-- Default test -->
  </suite> <!-- Default suite -->
</testng-results>
